EXERCISE 1

psilves1@g7-25:/import/linux/home1/psilves1/cs220/labs$ cp -r lab9 ../..
psilves1@g7-25:/import/linux/home1/psilves1/cs220/labs$ cd ../..
psilves1@g7-25:/import/linux/home1/psilves1$ ls
'~'	   cs220       Downloads     i220b    Music	 Public      Videos
 Arduino   Desktop    '~git-repos'   lab      Pictures	 Templates
 cs120	   Documents   git-repos     ls.log  '~.pub'	 tmp
psilves1@g7-25:/import/linux/home1/psilves1$ cd git-repos
psilves1@g7-25:/import/linux/home1/psilves1/git-repos$ ls
cs220  lab8.git  lab9
psilves1@g7-25:/import/linux/home1/psilves1/git-repos$ mv lab9 ../i220b/work
psilves1@g7-25:/import/linux/home1/psilves1/git-repos$ cd ../i220b/work
psilves1@g7-25:/import/linux/home1/psilves1/i220b/work$ ls
lab2  lab3  lab5  lab6	lab7  lab9  prj1  prj2
psilves1@g7-25:/import/linux/home1/psilves1/i220b/work$ cd lab9
psilves1@g7-25:/import/linux/home1/psilves1/i220b/work/lab9$ cd files
psilves1@g7-25:/import/linux/home1/psilves1/i220b/work/lab9/files$ ls
hello.c  Makefile  mystery.o
psilves1@g7-25:/import/linux/home1/psilves1/i220b/work/lab9/files$ emacs hello.c
psilves1@g7-25:/import/linux/home1/psilves1/i220b/work/lab9/files$ make
cc -g -Wall  -std=c11    hello.c   -o hello
cc -g -Wall  -std=c11 -S hello.c
psilves1@g7-25:/import/linux/home1/psilves1/i220b/work/lab9/files$ ./hello Paul
hello Paul
psilves1@g7-25:/import/linux/home1/psilves1/i220b/work/lab9/files$ size hello
   text	   data	    bss	    dec	    hex	filename
   1874	    592	     48	   2514	    9d2	hello
psilves1@g7-25:/import/linux/home1/psilves1/i220b/work/lab9/files$ size -A hello
hello  :
section              size    addr
.interp                28     680
.note.ABI-tag          32     708
.note.gnu.build-id     36     740
.gnu.hash              48     776
.dynsym               240     824
.dynstr               152    1064
.gnu.version           20    1216
.gnu.version_r         32    1240
.rela.dyn             240    1272
.rela.plt              48    1512
.init                  23    4096
.plt                   48    4128
.plt.got                8    4176
.text                 513    4192
.fini                   9    4708
.rodata                33    8192
.eh_frame_hdr          68    8228
.eh_frame             296    8296
.init_array             8   15848
.fini_array             8   15856
.dynamic              480   15864
.got                   40   16344
.got.plt               40   16384
.data                  16   16424
.bss                   48   16448
.comment               28       0
.debug_aranges         48       0
.debug_info           860       0
.debug_abbrev         287       0
.debug_line           308       0
.debug_str            606       0
Total                4651


psilves1@g7-25:/import/linux/home1/psilves1/i220b/work/lab9/files$ obj -d hello > hello.objdump
bash: obj: command not found
psilves1@g7-25:/import/linux/home1/psilves1/i220b/work/lab9/files$ objdump -d hello > hello.objdump
psilves1@g7-25:/import/linux/home1/psilves1/i220b/work/lab9/files$ emacs hello.objdump
psilves1@g7-25:/import/linux/home1/psilves1/i220b/work/lab9/files$ objdump -d -s -x hello > hello.objdump
psilves1@g7-25:/import/linux/home1/psilves1/i220b/work/lab9/files$ emacs hello.objdump
psilves1@g7-25:/import/linux/home1/psilves1/i220b/work/lab9/files$ objdump -d hello | grep -A40 main.:
0000000000001174 <main>:
    1174:	55                   	push   %rbp
    1175:	48 89 e5             	mov    %rsp,%rbp
    1178:	48 83 ec 20          	sub    $0x20,%rsp
    117c:	89 7d ec             	mov    %edi,-0x14(%rbp)
    117f:	48 89 75 e0          	mov    %rsi,-0x20(%rbp)
    1183:	83 7d ec 01          	cmpl   $0x1,-0x14(%rbp)
    1187:	75 2c                	jne    11b5 <main+0x41>
    1189:	48 8b 45 e0          	mov    -0x20(%rbp),%rax
    118d:	48 8b 10             	mov    (%rax),%rdx
    1190:	48 8b 05 c9 2e 00 00 	mov    0x2ec9(%rip),%rax        # 4060 <stderr@@GLIBC_2.2.5>
    1197:	48 8d 35 70 0e 00 00 	lea    0xe70(%rip),%rsi        # 200e <_IO_stdin_used+0xe>
    119e:	48 89 c7             	mov    %rax,%rdi
    11a1:	b8 00 00 00 00       	mov    $0x0,%eax
    11a6:	e8 85 fe ff ff       	callq  1030 <fprintf@plt>
    11ab:	bf ef be ad de       	mov    $0xdeadbeef,%edi
    11b0:	e8 8b fe ff ff       	callq  1040 <exit@plt>
    11b5:	c7 45 fc 01 00 00 00 	movl   $0x1,-0x4(%rbp)
    11bc:	eb 2d                	jmp    11eb <main+0x77>
    11be:	8b 45 fc             	mov    -0x4(%rbp),%eax
    11c1:	48 98                	cltq   
    11c3:	48 8d 14 c5 00 00 00 	lea    0x0(,%rax,8),%rdx
    11ca:	00 
    11cb:	48 8b 45 e0          	mov    -0x20(%rbp),%rax
    11cf:	48 01 d0             	add    %rdx,%rax
    11d2:	48 8b 10             	mov    (%rax),%rdx
    11d5:	48 8b 05 64 2e 00 00 	mov    0x2e64(%rip),%rax        # 4040 <stdout@@GLIBC_2.2.5>
    11dc:	48 89 d6             	mov    %rdx,%rsi
    11df:	48 89 c7             	mov    %rax,%rdi
    11e2:	e8 5e ff ff ff       	callq  1145 <hello>
    11e7:	83 45 fc 01          	addl   $0x1,-0x4(%rbp)
    11eb:	8b 45 fc             	mov    -0x4(%rbp),%eax
    11ee:	3b 45 ec             	cmp    -0x14(%rbp),%eax
    11f1:	7c cb                	jl     11be <main+0x4a>
    11f3:	b8 00 00 00 00       	mov    $0x0,%eax
    11f8:	c9                   	leaveq 
    11f9:	c3                   	retq   
    11fa:	66 0f 1f 44 00 00    	nopw   0x0(%rax,%rax,1)

0000000000001200 <__libc_csu_init>:
    1200:	41 57                	push   %r15
psilves1@g7-25:/import/linux/home1/psilves1/i220b/work/lab9/files$ ls -l hello
-rwxr-xr-x 1 psilves1 psilves1 19392 Oct 17 16:17 hello
psilves1@g7-25:/import/linux/home1/psilves1/i220b/work/lab9/files$ strip
Usage: strip <option(s)> in-file(s)
 Removes symbols and sections from files
 The options are:
  -I --input-target=<bfdname>      Assume input file is in format <bfdname>
  -O --output-target=<bfdname>     Create an output file in format <bfdname>
  -F --target=<bfdname>            Set both input and output format to <bfdname>
  -p --preserve-dates              Copy modified/access timestamps to the output
  -D --enable-deterministic-archives
                                   Produce deterministic output when stripping archives (default)
  -U --disable-deterministic-archives
                                   Disable -D behavior
  -R --remove-section=<name>       Also remove section <name> from the output
     --remove-relocations <name>   Remove relocations from section <name>
  -s --strip-all                   Remove all symbol and relocation information
  -g -S -d --strip-debug           Remove all debugging symbols & sections
     --strip-dwo                   Remove all DWO sections
     --strip-unneeded              Remove all symbols not needed by relocations
     --only-keep-debug             Strip everything but the debug information
  -M  --merge-notes                Remove redundant entries in note sections (default)
      --no-merge-notes             Do not attempt to remove redundant notes
  -N --strip-symbol=<name>         Do not copy symbol <name>
  -K --keep-symbol=<name>          Do not strip symbol <name>
     --keep-file-symbols           Do not strip file symbol(s)
  -w --wildcard                    Permit wildcard in symbol comparison
  -x --discard-all                 Remove all non-global symbols
  -X --discard-locals              Remove any compiler-generated symbols
  -v --verbose                     List all object files modified
  -V --version                     Display this program's version number
  -h --help                        Display this output
     --info                        List object formats & architectures supported
  -o <file>                        Place stripped output into <file>
strip: supported targets: elf64-x86-64 elf32-i386 elf32-iamcu elf32-x86-64 pei-i386 pei-x86-64 elf64-l1om elf64-k1om elf64-little elf64-big elf32-little elf32-big pe-x86-64 pe-bigobj-x86-64 pe-i386 plugin srec symbolsrec verilog tekhex binary ihex
psilves1@g7-25:/import/linux/home1/psilves1/i220b/work/lab9/files$ strip hello
psilves1@g7-25:/import/linux/home1/psilves1/i220b/work/lab9/files$ ls -l hello
-rwxr-xr-x 1 psilves1 psilves1 14416 Oct 17 16:24 hello
psilves1@g7-25:/import/linux/home1/psilves1/i220b/work/lab9/files$ make clean
rm -f hello hello.s *.objdump *~

_______________________________________________________________________________
Exercise 2

psilves1@g7-25:/import/linux/home1/psilves1/i220b/work/lab9/files$ objdump -d mystery.o > mystery.objdump
psilves1@g7-25:/import/linux/home1/psilves1/i220b/work/lab9/files$ ls
hello.c  hello.objdump	Makefile  mystery.o  mystery.objdump
psilves1@g7-25:/import/linux/home1/psilves1/i220b/work/lab9/files$ emacs mystery.objdump

ANSWER: 0x7fffff

______________________________________________________________________________
Exercise 3

psilves1@g7-25:/import/linux/home1/psilves1/i220b/work/lab9/files$ gdb hello
GNU gdb (Debian 8.2.1-2) 8.2.1
Copyright (C) 2018 Free Software Foundation, Inc.
License GPLv3+: GNU GPL version 3 or later <http://gnu.org/licenses/gpl.html>
This is free software: you are free to change and redistribute it.
There is NO WARRANTY, to the extent permitted by law.
Type "show copying" and "show warranty" for details.
This GDB was configured as "x86_64-linux-gnu".
Type "show configuration" for configuration details.
For bug reporting instructions, please see:
<http://www.gnu.org/software/gdb/bugs/>.
Find the GDB manual and other documentation resources online at:
    <http://www.gnu.org/software/gdb/documentation/>.

For help, type "help".
Type "apropos word" to search for commands related to "word"...
Reading symbols from hello...done.
(gdb) b main
Breakpoint 1 at 0x1183: file hello.c, line 16.
(gdb) r
Starting program: /import/linux/home1/psilves1/i220b/work/lab9/files/hello 

Breakpoint 1, main (argc=1, argv=0x7fffffffe798) at hello.c:16
16	  if (argc == 1) {
(gdb) disas /m
Dump of assembler code for function main:
15	{
   0x0000555555555174 <+0>:	push   %rbp
   0x0000555555555175 <+1>:	mov    %rsp,%rbp
   0x0000555555555178 <+4>:	sub    $0x20,%rsp
   0x000055555555517c <+8>:	mov    %edi,-0x14(%rbp)
   0x000055555555517f <+11>:	mov    %rsi,-0x20(%rbp)

16	  if (argc == 1) {
=> 0x0000555555555183 <+15>:	cmpl   $0x1,-0x14(%rbp)
   0x0000555555555187 <+19>:	jne    0x5555555551b5 <main+65>

17	    fprintf(stderr, "usage: %s NAME...\n", argv[0]);
   0x0000555555555189 <+21>:	mov    -0x20(%rbp),%rax
   0x000055555555518d <+25>:	mov    (%rax),%rdx
   0x0000555555555190 <+28>:	mov    0x2ec9(%rip),%rax        # 0x555555558060 <stderr@@GLIBC_2.2.5>
   0x0000555555555197 <+35>:	lea    0xe70(%rip),%rsi        # 0x55555555600e
   0x000055555555519e <+42>:	mov    %rax,%rdi
   0x00005555555551a1 <+45>:	mov    $0x0,%eax
   0x00005555555551a6 <+50>:	callq  0x555555555030 <fprintf@plt>

18	    exit(0xdeadbeef);
   0x00005555555551ab <+55>:	mov    $0xdeadbeef,%edi
   0x00005555555551b0 <+60>:	callq  0x555555555040 <exit@plt>

19	  }
20	  for (int i = 1; i < argc; i++) {
   0x00005555555551b5 <+65>:	movl   $0x1,-0x4(%rbp)
   0x00005555555551bc <+72>:	jmp    0x5555555551eb <main+119>
   0x00005555555551e7 <+115>:	addl   $0x1,-0x4(%rbp)
   0x00005555555551eb <+119>:	mov    -0x4(%rbp),%eax
   0x00005555555551ee <+122>:	cmp    -0x14(%rbp),%eax
   0x00005555555551f1 <+125>:	jl     0x5555555551be <main+74>

21	    hello(stdout, argv[i]);
   0x00005555555551be <+74>:	mov    -0x4(%rbp),%eax
   0x00005555555551c1 <+77>:	cltq   
   0x00005555555551c3 <+79>:	lea    0x0(,%rax,8),%rdx
   0x00005555555551cb <+87>:	mov    -0x20(%rbp),%rax
   0x00005555555551cf <+91>:	add    %rdx,%rax
   0x00005555555551d2 <+94>:	mov    (%rax),%rdx
   0x00005555555551d5 <+97>:	mov    0x2e64(%rip),%rax        # 0x555555558040 <stdout@@GLIBC_2.2.5>
   0x00005555555551dc <+104>:	mov    %rdx,%rsi
   0x00005555555551df <+107>:	mov    %rax,%rdi
   0x00005555555551e2 <+110>:	callq  0x555555555145 <hello>

--Type <RET> for more, q to quit, c to continue without paging--i reg
22	  }
23	  return 0;
   0x00005555555551f3 <+127>:	mov    $0x0,%eax

24	}
   0x00005555555551f8 <+132>:	leaveq 
   0x00005555555551f9 <+133>:	retq   

End of assembler dump.
(gdb) p argc
$1 = 1
(gdb) p *($rbp - 20)
Attempt to dereference a generic pointer.
(gdb) p *(int *)($rbp - 20)
$2 = 1
(gdb) p argv
$3 = (const char **) 0x7fffffffe798
(gdb) p *(const char ***)($rbp - 32)
$4 = (const char **) 0x7fffffffe798
(gdb) p argv[0]
$5 = 0x7fffffffea77 "/import/linux/home1/psilves1/i220b/work/lab9/files/hello"
(gdb) p (*(const char ***)($rbp - 0x20))[0]
$6 = 0x7fffffffea77 "/import/linux/home1/psilves1/i220b/work/lab9/files/hello"
(gdb) display /i *$pc
1: x/i *$pc
=> 0x555555555183 <main+15>:	cmpl   $0x1,-0x14(%rbp)
(gdb) p $eflags
$7 = [ PF IF ]
(gdb) nexti
0x0000555555555187	16	  if (argc == 1) {
1: x/i *$pc
=> 0x555555555187 <main+19>:	jne    0x5555555551b5 <main+65>
(gdb) p $eflags
$8 = [ PF ZF IF ]
(gdb) ni
17	    fprintf(stderr, "usage: %s NAME...\n", argv[0]);
1: x/i *$pc
=> 0x555555555189 <main+21>:	mov    -0x20(%rbp),%rax
(gdb) 
0x000055555555518d	17	    fprintf(stderr, "usage: %s NAME...\n", argv[0]);
1: x/i *$pc
=> 0x55555555518d <main+25>:	mov    (%rax),%rdx
(gdb) p (*(const char ***)($rsi)[0]
A syntax error in expression, near `'.
(gdb) p (*(const char ***)($rsi))
$9 = (const char **) 0x7fffffffea77
(gdb) p (char *)$rsi
$10 = 0x7fffffffe798 "w\352\377\377\377\177"
(gdb) p (char *)$rdx
$11 = 0x7fffffffe7a8 "\260\352\377\377\377\177"
(gdb) ni
0x0000555555555190	17	    fprintf(stderr, "usage: %s NAME...\n", argv[0]);
1: x/i *$pc
=> 0x555555555190 <main+28>:	
    mov    0x2ec9(%rip),%rax        # 0x555555558060 <stderr@@GLIBC_2.2.5>
(gdb) 
0x0000555555555197	17	    fprintf(stderr, "usage: %s NAME...\n", argv[0]);
1: x/i *$pc
=> 0x555555555197 <main+35>:	lea    0xe70(%rip),%rsi        # 0x55555555600e
(gdb) 
0x000055555555519e	17	    fprintf(stderr, "usage: %s NAME...\n", argv[0]);
1: x/i *$pc
=> 0x55555555519e <main+42>:	mov    %rax,%rdi
(gdb) 
0x00005555555551a1	17	    fprintf(stderr, "usage: %s NAME...\n", argv[0]);
1: x/i *$pc
=> 0x5555555551a1 <main+45>:	mov    $0x0,%eax
(gdb) 
0x00005555555551a6	17	    fprintf(stderr, "usage: %s NAME...\n", argv[0]);
1: x/i *$pc
=> 0x5555555551a6 <main+50>:	callq  0x555555555030 <fprintf@plt>
(gdb) 
usage: /import/linux/home1/psilves1/i220b/work/lab9/files/hello NAME...

______________________________________________________________________________
Exercise 4

